<?xml version="1.0" encoding="UTF-8"?>
<!-- Generated by org.testng.reporters.JUnitXMLReporter -->
<testsuite hostname="DESKTOP-LKM5JTJ" ignored="1" name="Surefire test" tests="6" failures="0" timestamp="22 Jan 2021 06:20:08 GMT" time="39.806" errors="0">
  <testcase name="verifyPageTitleTest" time="0.539" classname="com.qa.realerp.tests.LoginPageTest"/>
  <testcase name="verifyPageTitleTest" time="0.01" classname="com.qa.realerp.tests.HomePageTest"/>
  <testcase name="verifyForgotPasswordLinkTest" time="0.476" classname="com.qa.realerp.tests.LoginPageTest"/>
  <testcase name="verifyHRMLinkVisibilityTest" time="0.055" classname="com.qa.realerp.tests.HomePageTest"/>
  <testcase name="verifyNavigationToHRMPageTest" time="5.811" classname="com.qa.realerp.tests.HomePageTest"/>
  <testcase name="verifyValidLoginTest" time="9.597" classname="com.qa.realerp.tests.LoginPageTest"/>
  <testcase name="verifyInValidLogin" time="0.0" classname="com.qa.realerp.tests.LoginPageTest">
    <ignored/>
  </testcase> <!-- verifyInValidLogin -->
</testsuite> <!-- Surefire test -->
